<?xml version="1.0" encoding="UTF-8"?>
<!-- Generated by org.testng.reporters.JUnitXMLReporter -->
<testsuite hostname="DESKTOP-7R7QSH2" ignored="0" name="Default test" tests="3" failures="0" timestamp="2022-10-19T23:13:04 IST" time="0.075" errors="0">
  <testcase name="login" time="0.01" classname="testNgPractice.Ex_param2"/>
  <testcase name="sendEmail" time="0.002" classname="testNgPractice.Ex_param2"/>
  <testcase name="logout" time="0.002" classname="testNgPractice.Ex_param2"/>
</testsuite> <!-- Default test -->
