<?xml version="1.0" encoding="UTF-8"?>
<testng-results skipped="0" failed="0" ignored="0" total="3" passed="3">
  <reporter-output>
  </reporter-output>
  <suite name="Default suite" duration-ms="75" started-at="2022-10-19T23:13:04 IST" finished-at="2022-10-19T23:13:04 IST">
    <groups>
    </groups>
    <test name="Default test" duration-ms="75" started-at="2022-10-19T23:13:04 IST" finished-at="2022-10-19T23:13:04 IST">
      <class name="testNgPractice.Ex_param2">
        <test-method status="PASS" signature="login()[pri:1, instance:testNgPractice.Ex_param2@1c3a4799]" name="login" duration-ms="10" started-at="2022-10-19T23:13:04 IST" finished-at="2022-10-19T23:13:04 IST">
          <reporter-output>
          </reporter-output>
        </test-method> <!-- login -->
        <test-method status="PASS" signature="sendEmail()[pri:2, instance:testNgPractice.Ex_param2@1c3a4799]" name="sendEmail" duration-ms="2" started-at="2022-10-19T23:13:04 IST" finished-at="2022-10-19T23:13:04 IST">
          <reporter-output>
          </reporter-output>
        </test-method> <!-- sendEmail -->
        <test-method status="PASS" signature="logout()[pri:3, instance:testNgPractice.Ex_param2@1c3a4799]" name="logout" duration-ms="2" started-at="2022-10-19T23:13:04 IST" finished-at="2022-10-19T23:13:04 IST">
          <reporter-output>
          </reporter-output>
        </test-method> <!-- logout -->
      </class> <!-- testNgPractice.Ex_param2 -->
    </test> <!-- Default test -->
  </suite> <!-- Default suite -->
</testng-results>
